C:\Program Files\Microsoft Visual Studio\2022\Community\MSBuild\Microsoft\VC\v170\Microsoft.CppBuild.targets(531,5): warning MSB8028: The intermediate directory (x64\Debug\) contains files shared from another project (ConsoleApplication1.vcxproj).  This can lead to incorrect clean and rebuild behavior.
  accessData.cpp
  auth.cpp
D:\Users\ASUS\Desktop\futureminds\FutureMinds\FutureMinds\ConsoleApplication1\auth.cpp(7,34): warning C4244: 'argument': conversion from 'float' to 'int', possible loss of data
D:\Users\ASUS\Desktop\futureminds\FutureMinds\FutureMinds\ConsoleApplication1\auth.cpp(7,24): warning C4244: 'argument': conversion from 'float' to 'int', possible loss of data
D:\Users\ASUS\Desktop\futureminds\FutureMinds\FutureMinds\ConsoleApplication1\auth.cpp(15,50): warning C4244: 'argument': conversion from 'float' to 'int', possible loss of data
D:\Users\ASUS\Desktop\futureminds\FutureMinds\FutureMinds\ConsoleApplication1\auth.cpp(15,38): warning C4244: 'argument': conversion from 'float' to 'int', possible loss of data
D:\Users\ASUS\Desktop\futureminds\FutureMinds\FutureMinds\ConsoleApplication1\auth.cpp(18,42): warning C4244: 'argument': conversion from 'float' to 'int', possible loss of data
D:\Users\ASUS\Desktop\futureminds\FutureMinds\FutureMinds\ConsoleApplication1\auth.cpp(18,30): warning C4244: 'argument': conversion from 'float' to 'int', possible loss of data
D:\Users\ASUS\Desktop\futureminds\FutureMinds\FutureMinds\ConsoleApplication1\auth.cpp(34,50): warning C4838: conversion from 'int' to 'float' requires a narrowing conversion
D:\Users\ASUS\Desktop\futureminds\FutureMinds\FutureMinds\ConsoleApplication1\auth.cpp(34,50): warning C4244: 'initializing': conversion from 'int' to 'float', possible loss of data
D:\Users\ASUS\Desktop\futureminds\FutureMinds\FutureMinds\ConsoleApplication1\auth.cpp(34,79): warning C4838: conversion from 'int' to 'float' requires a narrowing conversion
D:\Users\ASUS\Desktop\futureminds\FutureMinds\FutureMinds\ConsoleApplication1\auth.cpp(34,79): warning C4244: 'initializing': conversion from 'int' to 'float', possible loss of data
D:\Users\ASUS\Desktop\futureminds\FutureMinds\FutureMinds\ConsoleApplication1\auth.cpp(117,72): warning C4244: 'argument': conversion from 'float' to 'int', possible loss of data
D:\Users\ASUS\Desktop\futureminds\FutureMinds\FutureMinds\ConsoleApplication1\auth.cpp(117,53): warning C4244: 'argument': conversion from 'float' to 'int', possible loss of data
D:\Users\ASUS\Desktop\futureminds\FutureMinds\FutureMinds\ConsoleApplication1\auth.cpp(118,104): warning C4244: 'argument': conversion from 'float' to 'int', possible loss of data
D:\Users\ASUS\Desktop\futureminds\FutureMinds\FutureMinds\ConsoleApplication1\auth.cpp(118,85): warning C4244: 'argument': conversion from 'float' to 'int', possible loss of data
D:\Users\ASUS\Desktop\futureminds\FutureMinds\FutureMinds\ConsoleApplication1\auth.cpp(125,120): warning C4244: 'argument': conversion from 'float' to 'int', possible loss of data
D:\Users\ASUS\Desktop\futureminds\FutureMinds\FutureMinds\ConsoleApplication1\auth.cpp(125,44): warning C4244: 'argument': conversion from 'float' to 'int', possible loss of data
D:\Users\ASUS\Desktop\futureminds\FutureMinds\FutureMinds\ConsoleApplication1\auth.cpp(140,50): warning C4838: conversion from 'int' to 'float' requires a narrowing conversion
D:\Users\ASUS\Desktop\futureminds\FutureMinds\FutureMinds\ConsoleApplication1\auth.cpp(140,50): warning C4244: 'initializing': conversion from 'int' to 'float', possible loss of data
D:\Users\ASUS\Desktop\futureminds\FutureMinds\FutureMinds\ConsoleApplication1\auth.cpp(140,79): warning C4838: conversion from 'int' to 'float' requires a narrowing conversion
D:\Users\ASUS\Desktop\futureminds\FutureMinds\FutureMinds\ConsoleApplication1\auth.cpp(140,79): warning C4244: 'initializing': conversion from 'int' to 'float', possible loss of data
D:\Users\ASUS\Desktop\futureminds\FutureMinds\FutureMinds\ConsoleApplication1\auth.cpp(205,65): warning C4244: 'argument': conversion from 'float' to 'int', possible loss of data
D:\Users\ASUS\Desktop\futureminds\FutureMinds\FutureMinds\ConsoleApplication1\auth.cpp(205,47): warning C4244: 'argument': conversion from 'float' to 'int', possible loss of data
D:\Users\ASUS\Desktop\futureminds\FutureMinds\FutureMinds\ConsoleApplication1\auth.cpp(206,92): warning C4244: 'argument': conversion from 'float' to 'int', possible loss of data
D:\Users\ASUS\Desktop\futureminds\FutureMinds\FutureMinds\ConsoleApplication1\auth.cpp(206,74): warning C4244: 'argument': conversion from 'float' to 'int', possible loss of data
D:\Users\ASUS\Desktop\futureminds\FutureMinds\FutureMinds\ConsoleApplication1\auth.cpp(213,115): warning C4244: 'argument': conversion from 'float' to 'int', possible loss of data
D:\Users\ASUS\Desktop\futureminds\FutureMinds\FutureMinds\ConsoleApplication1\auth.cpp(213,42): warning C4244: 'argument': conversion from 'float' to 'int', possible loss of data
D:\Users\ASUS\Desktop\futureminds\FutureMinds\FutureMinds\ConsoleApplication1\auth.cpp(264,62): warning C4244: 'argument': conversion from 'float' to 'int', possible loss of data
D:\Users\ASUS\Desktop\futureminds\FutureMinds\FutureMinds\ConsoleApplication1\auth.cpp(264,42): warning C4244: 'argument': conversion from 'float' to 'int', possible loss of data
D:\Users\ASUS\Desktop\futureminds\FutureMinds\FutureMinds\ConsoleApplication1\auth.cpp(288,69): warning C4244: 'argument': conversion from 'float' to 'int', possible loss of data
D:\Users\ASUS\Desktop\futureminds\FutureMinds\FutureMinds\ConsoleApplication1\auth.cpp(288,48): warning C4244: 'argument': conversion from 'float' to 'int', possible loss of data
D:\Users\ASUS\Desktop\futureminds\FutureMinds\FutureMinds\ConsoleApplication1\auth.cpp(309,58): warning C4244: 'argument': conversion from 'float' to 'int', possible loss of data
D:\Users\ASUS\Desktop\futureminds\FutureMinds\FutureMinds\ConsoleApplication1\auth.cpp(309,39): warning C4244: 'argument': conversion from 'float' to 'int', possible loss of data
  dashboards.cpp
D:\Users\ASUS\Desktop\futureminds\FutureMinds\FutureMinds\ConsoleApplication1\dashboards.cpp(78,43): warning C4244: 'argument': conversion from 'float' to 'int', possible loss of data
D:\Users\ASUS\Desktop\futureminds\FutureMinds\FutureMinds\ConsoleApplication1\dashboards.cpp(78,27): warning C4244: 'argument': conversion from 'float' to 'int', possible loss of data
D:\Users\ASUS\Desktop\futureminds\FutureMinds\FutureMinds\ConsoleApplication1\dashboards.cpp(79,51): warning C4244: 'argument': conversion from 'float' to 'int', possible loss of data
D:\Users\ASUS\Desktop\futureminds\FutureMinds\FutureMinds\ConsoleApplication1\dashboards.cpp(81,37): warning C4244: 'argument': conversion from 'float' to 'int', possible loss of data
D:\Users\ASUS\Desktop\futureminds\FutureMinds\FutureMinds\ConsoleApplication1\dashboards.cpp(82,37): warning C4244: 'argument': conversion from 'float' to 'int', possible loss of data
D:\Users\ASUS\Desktop\futureminds\FutureMinds\FutureMinds\ConsoleApplication1\dashboards.cpp(84,59): warning C4244: 'argument': conversion from 'float' to 'int', possible loss of data
D:\Users\ASUS\Desktop\futureminds\FutureMinds\FutureMinds\ConsoleApplication1\dashboards.cpp(84,41): warning C4244: 'argument': conversion from 'float' to 'int', possible loss of data
D:\Users\ASUS\Desktop\futureminds\FutureMinds\FutureMinds\ConsoleApplication1\dashboards.cpp(85,69): warning C4244: 'argument': conversion from 'float' to 'int', possible loss of data
D:\Users\ASUS\Desktop\futureminds\FutureMinds\FutureMinds\ConsoleApplication1\dashboards.cpp(86,55): warning C4244: 'argument': conversion from 'float' to 'int', possible loss of data
D:\Users\ASUS\Desktop\futureminds\FutureMinds\FutureMinds\ConsoleApplication1\dashboards.cpp(87,53): warning C4244: 'argument': conversion from 'float' to 'int', possible loss of data
D:\Users\ASUS\Desktop\futureminds\FutureMinds\FutureMinds\ConsoleApplication1\dashboards.cpp(88,53): warning C4244: 'argument': conversion from 'float' to 'int', possible loss of data
D:\Users\ASUS\Desktop\futureminds\FutureMinds\FutureMinds\ConsoleApplication1\dashboards.cpp(90,63): warning C4244: 'argument': conversion from 'float' to 'int', possible loss of data
D:\Users\ASUS\Desktop\futureminds\FutureMinds\FutureMinds\ConsoleApplication1\dashboards.cpp(90,41): warning C4244: 'argument': conversion from 'float' to 'int', possible loss of data
D:\Users\ASUS\Desktop\futureminds\FutureMinds\FutureMinds\ConsoleApplication1\dashboards.cpp(91,66): warning C4244: 'argument': conversion from 'float' to 'int', possible loss of data
D:\Users\ASUS\Desktop\futureminds\FutureMinds\FutureMinds\ConsoleApplication1\dashboards.cpp(92,60): warning C4244: 'argument': conversion from 'float' to 'int', possible loss of data
D:\Users\ASUS\Desktop\futureminds\FutureMinds\FutureMinds\ConsoleApplication1\dashboards.cpp(93,57): warning C4244: 'argument': conversion from 'float' to 'int', possible loss of data
D:\Users\ASUS\Desktop\futureminds\FutureMinds\FutureMinds\ConsoleApplication1\dashboards.cpp(94,57): warning C4244: 'argument': conversion from 'float' to 'int', possible loss of data
D:\Users\ASUS\Desktop\futureminds\FutureMinds\FutureMinds\ConsoleApplication1\dashboards.cpp(100,64): warning C4244: 'argument': conversion from 'float' to 'int', possible loss of data
D:\Users\ASUS\Desktop\futureminds\FutureMinds\FutureMinds\ConsoleApplication1\dashboards.cpp(100,43): warning C4244: 'argument': conversion from 'float' to 'int', possible loss of data
D:\Users\ASUS\Desktop\futureminds\FutureMinds\FutureMinds\ConsoleApplication1\dashboards.cpp(159,41): warning C4244: 'argument': conversion from 'float' to 'int', possible loss of data
D:\Users\ASUS\Desktop\futureminds\FutureMinds\FutureMinds\ConsoleApplication1\dashboards.cpp(161,47): warning C4244: 'argument': conversion from 'float' to 'int', possible loss of data
D:\Users\ASUS\Desktop\futureminds\FutureMinds\FutureMinds\ConsoleApplication1\dashboards.cpp(173,58): warning C4244: 'argument': conversion from 'float' to 'int', possible loss of data
D:\Users\ASUS\Desktop\futureminds\FutureMinds\FutureMinds\ConsoleApplication1\dashboards.cpp(173,40): warning C4244: 'argument': conversion from 'float' to 'int', possible loss of data
  grades.cpp
D:\Users\ASUS\Desktop\futureminds\FutureMinds\FutureMinds\ConsoleApplication1\grades.cpp(66,72): warning C4244: 'argument': conversion from 'float' to 'int', possible loss of data
D:\Users\ASUS\Desktop\futureminds\FutureMinds\FutureMinds\ConsoleApplication1\grades.cpp(66,55): warning C4244: 'argument': conversion from 'float' to 'int', possible loss of data
D:\Users\ASUS\Desktop\futureminds\FutureMinds\FutureMinds\ConsoleApplication1\grades.cpp(66,41): warning C4244: 'argument': conversion from 'float' to 'int', possible loss of data
D:\Users\ASUS\Desktop\futureminds\FutureMinds\FutureMinds\ConsoleApplication1\grades.cpp(150,72): warning C4244: 'argument': conversion from 'float' to 'int', possible loss of data
D:\Users\ASUS\Desktop\futureminds\FutureMinds\FutureMinds\ConsoleApplication1\grades.cpp(150,55): warning C4244: 'argument': conversion from 'float' to 'int', possible loss of data
D:\Users\ASUS\Desktop\futureminds\FutureMinds\FutureMinds\ConsoleApplication1\grades.cpp(150,41): warning C4244: 'argument': conversion from 'float' to 'int', possible loss of data
D:\Users\ASUS\Desktop\futureminds\FutureMinds\FutureMinds\ConsoleApplication1\grades.cpp(234,28): warning C4244: 'initializing': conversion from 'int' to 'float', possible loss of data
D:\Users\ASUS\Desktop\futureminds\FutureMinds\FutureMinds\ConsoleApplication1\grades.cpp(239,52): warning C4244: 'argument': conversion from 'float' to 'int', possible loss of data
D:\Users\ASUS\Desktop\futureminds\FutureMinds\FutureMinds\ConsoleApplication1\grades.cpp(239,41): warning C4244: 'argument': conversion from 'float' to 'int', possible loss of data
D:\Users\ASUS\Desktop\futureminds\FutureMinds\FutureMinds\ConsoleApplication1\grades.cpp(239,34): warning C4244: 'argument': conversion from 'float' to 'int', possible loss of data
D:\Users\ASUS\Desktop\futureminds\FutureMinds\FutureMinds\ConsoleApplication1\grades.cpp(244,97): warning C4244: 'argument': conversion from 'float' to 'int', possible loss of data
  main.cpp
  pch.h
  quizes.cpp
  settings.cpp
D:\Users\ASUS\Desktop\futureminds\FutureMinds\FutureMinds\ConsoleApplication1\settings.cpp(80,68): warning C4244: 'argument': conversion from 'float' to 'int', possible loss of data
D:\Users\ASUS\Desktop\futureminds\FutureMinds\FutureMinds\ConsoleApplication1\settings.cpp(80,51): warning C4244: 'argument': conversion from 'float' to 'int', possible loss of data
D:\Users\ASUS\Desktop\futureminds\FutureMinds\FutureMinds\ConsoleApplication1\settings.cpp(80,37): warning C4244: 'argument': conversion from 'float' to 'int', possible loss of data
D:\Users\ASUS\Desktop\futureminds\FutureMinds\FutureMinds\ConsoleApplication1\settings.cpp(86,67): warning C4244: 'argument': conversion from 'float' to 'int', possible loss of data
D:\Users\ASUS\Desktop\futureminds\FutureMinds\FutureMinds\ConsoleApplication1\settings.cpp(86,46): warning C4244: 'argument': conversion from 'float' to 'int', possible loss of data
D:\Users\ASUS\Desktop\futureminds\FutureMinds\FutureMinds\ConsoleApplication1\settings.cpp(89,50): warning C4244: 'argument': conversion from 'float' to 'int', possible loss of data
D:\Users\ASUS\Desktop\futureminds\FutureMinds\FutureMinds\ConsoleApplication1\settings.cpp(89,39): warning C4244: 'argument': conversion from 'float' to 'int', possible loss of data
D:\Users\ASUS\Desktop\futureminds\FutureMinds\FutureMinds\ConsoleApplication1\settings.cpp(89,31): warning C4244: 'argument': conversion from 'float' to 'int', possible loss of data
D:\Users\ASUS\Desktop\futureminds\FutureMinds\FutureMinds\ConsoleApplication1\settings.cpp(95,50): warning C4244: 'argument': conversion from 'float' to 'int', possible loss of data
D:\Users\ASUS\Desktop\futureminds\FutureMinds\FutureMinds\ConsoleApplication1\settings.cpp(95,39): warning C4244: 'argument': conversion from 'float' to 'int', possible loss of data
D:\Users\ASUS\Desktop\futureminds\FutureMinds\FutureMinds\ConsoleApplication1\settings.cpp(95,31): warning C4244: 'argument': conversion from 'float' to 'int', possible loss of data
D:\Users\ASUS\Desktop\futureminds\FutureMinds\FutureMinds\ConsoleApplication1\settings.cpp(104,46): warning C4244: 'argument': conversion from 'float' to 'int', possible loss of data
D:\Users\ASUS\Desktop\futureminds\FutureMinds\FutureMinds\ConsoleApplication1\settings.cpp(104,35): warning C4244: 'argument': conversion from 'float' to 'int', possible loss of data
D:\Users\ASUS\Desktop\futureminds\FutureMinds\FutureMinds\ConsoleApplication1\settings.cpp(104,27): warning C4244: 'argument': conversion from 'float' to 'int', possible loss of data
D:\Users\ASUS\Desktop\futureminds\FutureMinds\FutureMinds\ConsoleApplication1\settings.cpp(109,58): warning C4244: 'argument': conversion from 'float' to 'int', possible loss of data
D:\Users\ASUS\Desktop\futureminds\FutureMinds\FutureMinds\ConsoleApplication1\settings.cpp(109,40): warning C4244: 'argument': conversion from 'float' to 'int', possible loss of data
D:\Users\ASUS\Desktop\futureminds\FutureMinds\FutureMinds\ConsoleApplication1\settings.cpp(117,58): warning C4244: 'argument': conversion from 'float' to 'int', possible loss of data
D:\Users\ASUS\Desktop\futureminds\FutureMinds\FutureMinds\ConsoleApplication1\settings.cpp(117,45): warning C4244: 'argument': conversion from 'float' to 'int', possible loss of data
D:\Users\ASUS\Desktop\futureminds\FutureMinds\FutureMinds\ConsoleApplication1\settings.cpp(121,70): warning C4244: 'argument': conversion from 'float' to 'int', possible loss of data
D:\Users\ASUS\Desktop\futureminds\FutureMinds\FutureMinds\ConsoleApplication1\settings.cpp(121,57): warning C4244: 'argument': conversion from 'float' to 'int', possible loss of data
D:\Users\ASUS\Desktop\futureminds\FutureMinds\FutureMinds\ConsoleApplication1\settings.cpp(124,70): warning C4244: 'argument': conversion from 'float' to 'int', possible loss of data
D:\Users\ASUS\Desktop\futureminds\FutureMinds\FutureMinds\ConsoleApplication1\settings.cpp(124,56): warning C4244: 'argument': conversion from 'float' to 'int', possible loss of data
D:\Users\ASUS\Desktop\futureminds\FutureMinds\FutureMinds\ConsoleApplication1\settings.cpp(126,59): warning C4244: 'argument': conversion from 'float' to 'int', possible loss of data
D:\Users\ASUS\Desktop\futureminds\FutureMinds\FutureMinds\ConsoleApplication1\settings.cpp(126,44): warning C4244: 'argument': conversion from 'float' to 'int', possible loss of data
D:\Users\ASUS\Desktop\futureminds\FutureMinds\FutureMinds\ConsoleApplication1\settings.cpp(129,62): warning C4244: 'argument': conversion from 'float' to 'int', possible loss of data
D:\Users\ASUS\Desktop\futureminds\FutureMinds\FutureMinds\ConsoleApplication1\settings.cpp(129,46): warning C4244: 'argument': conversion from 'float' to 'int', possible loss of data
D:\Users\ASUS\Desktop\futureminds\FutureMinds\FutureMinds\ConsoleApplication1\settings.cpp(131,64): warning C4244: 'argument': conversion from 'float' to 'int', possible loss of data
D:\Users\ASUS\Desktop\futureminds\FutureMinds\FutureMinds\ConsoleApplication1\settings.cpp(131,49): warning C4244: 'argument': conversion from 'float' to 'int', possible loss of data
D:\Users\ASUS\Desktop\futureminds\FutureMinds\FutureMinds\ConsoleApplication1\settings.cpp(135,59): warning C4244: 'argument': conversion from 'float' to 'int', possible loss of data
D:\Users\ASUS\Desktop\futureminds\FutureMinds\FutureMinds\ConsoleApplication1\settings.cpp(135,43): warning C4244: 'argument': conversion from 'float' to 'int', possible loss of data
D:\Users\ASUS\Desktop\futureminds\FutureMinds\FutureMinds\ConsoleApplication1\settings.cpp(140,66): warning C4244: 'argument': conversion from 'float' to 'int', possible loss of data
D:\Users\ASUS\Desktop\futureminds\FutureMinds\FutureMinds\ConsoleApplication1\settings.cpp(140,44): warning C4244: 'argument': conversion from 'float' to 'int', possible loss of data
D:\Users\ASUS\Desktop\futureminds\FutureMinds\FutureMinds\ConsoleApplication1\settings.cpp(146,93): warning C4244: 'argument': conversion from 'float' to 'int', possible loss of data
D:\Users\ASUS\Desktop\futureminds\FutureMinds\FutureMinds\ConsoleApplication1\settings.cpp(146,44): warning C4244: 'argument': conversion from 'float' to 'int', possible loss of data
D:\Users\ASUS\Desktop\futureminds\FutureMinds\FutureMinds\ConsoleApplication1\settings.cpp(223,54): warning C4244: 'argument': conversion from 'float' to 'int', possible loss of data
D:\Users\ASUS\Desktop\futureminds\FutureMinds\FutureMinds\ConsoleApplication1\settings.cpp(223,43): warning C4244: 'argument': conversion from 'float' to 'int', possible loss of data
D:\Users\ASUS\Desktop\futureminds\FutureMinds\FutureMinds\ConsoleApplication1\settings.cpp(223,35): warning C4244: 'argument': conversion from 'float' to 'int', possible loss of data
D:\Users\ASUS\Desktop\futureminds\FutureMinds\FutureMinds\ConsoleApplication1\settings.cpp(225,40): warning C4244: 'argument': conversion from 'float' to 'int', possible loss of data
D:\Users\ASUS\Desktop\futureminds\FutureMinds\FutureMinds\ConsoleApplication1\settings.cpp(236,58): warning C4244: 'argument': conversion from 'float' to 'int', possible loss of data
D:\Users\ASUS\Desktop\futureminds\FutureMinds\FutureMinds\ConsoleApplication1\settings.cpp(236,40): warning C4244: 'argument': conversion from 'float' to 'int', possible loss of data
D:\Users\ASUS\Desktop\futureminds\FutureMinds\FutureMinds\ConsoleApplication1\settings.cpp(244,58): warning C4244: 'argument': conversion from 'float' to 'int', possible loss of data
D:\Users\ASUS\Desktop\futureminds\FutureMinds\FutureMinds\ConsoleApplication1\settings.cpp(244,45): warning C4244: 'argument': conversion from 'float' to 'int', possible loss of data
D:\Users\ASUS\Desktop\futureminds\FutureMinds\FutureMinds\ConsoleApplication1\settings.cpp(247,59): warning C4244: 'argument': conversion from 'float' to 'int', possible loss of data
D:\Users\ASUS\Desktop\futureminds\FutureMinds\FutureMinds\ConsoleApplication1\settings.cpp(247,44): warning C4244: 'argument': conversion from 'float' to 'int', possible loss of data
D:\Users\ASUS\Desktop\futureminds\FutureMinds\FutureMinds\ConsoleApplication1\settings.cpp(250,62): warning C4244: 'argument': conversion from 'float' to 'int', possible loss of data
D:\Users\ASUS\Desktop\futureminds\FutureMinds\FutureMinds\ConsoleApplication1\settings.cpp(250,46): warning C4244: 'argument': conversion from 'float' to 'int', possible loss of data
D:\Users\ASUS\Desktop\futureminds\FutureMinds\FutureMinds\ConsoleApplication1\settings.cpp(252,64): warning C4244: 'argument': conversion from 'float' to 'int', possible loss of data
D:\Users\ASUS\Desktop\futureminds\FutureMinds\FutureMinds\ConsoleApplication1\settings.cpp(252,49): warning C4244: 'argument': conversion from 'float' to 'int', possible loss of data
D:\Users\ASUS\Desktop\futureminds\FutureMinds\FutureMinds\ConsoleApplication1\settings.cpp(256,59): warning C4244: 'argument': conversion from 'float' to 'int', possible loss of data
D:\Users\ASUS\Desktop\futureminds\FutureMinds\FutureMinds\ConsoleApplication1\settings.cpp(256,43): warning C4244: 'argument': conversion from 'float' to 'int', possible loss of data
D:\Users\ASUS\Desktop\futureminds\FutureMinds\FutureMinds\ConsoleApplication1\settings.cpp(261,66): warning C4244: 'argument': conversion from 'float' to 'int', possible loss of data
D:\Users\ASUS\Desktop\futureminds\FutureMinds\FutureMinds\ConsoleApplication1\settings.cpp(261,44): warning C4244: 'argument': conversion from 'float' to 'int', possible loss of data
D:\Users\ASUS\Desktop\futureminds\FutureMinds\FutureMinds\ConsoleApplication1\settings.cpp(267,86): warning C4244: 'argument': conversion from 'float' to 'int', possible loss of data
D:\Users\ASUS\Desktop\futureminds\FutureMinds\FutureMinds\ConsoleApplication1\settings.cpp(267,44): warning C4244: 'argument': conversion from 'float' to 'int', possible loss of data
  students.cpp
D:\Users\ASUS\Desktop\futureminds\FutureMinds\FutureMinds\ConsoleApplication1\students.cpp(102,58): warning C4244: 'argument': conversion from 'float' to 'int', possible loss of data
D:\Users\ASUS\Desktop\futureminds\FutureMinds\FutureMinds\ConsoleApplication1\students.cpp(102,40): warning C4244: 'argument': conversion from 'float' to 'int', possible loss of data
  validation.cpp
  Generating Code...
raylib.lib(rcore.c.obj) : warning LNK4099: PDB '' was not found with 'raylib.lib(rcore.c.obj)' or at ''; linking object as if no debug info
raylib.lib(rtext.c.obj) : warning LNK4099: PDB '' was not found with 'raylib.lib(rtext.c.obj)' or at ''; linking object as if no debug info
raylib.lib(rshapes.c.obj) : warning LNK4099: PDB '' was not found with 'raylib.lib(rshapes.c.obj)' or at ''; linking object as if no debug info
raylib.lib(rtextures.c.obj) : warning LNK4099: PDB '' was not found with 'raylib.lib(rtextures.c.obj)' or at ''; linking object as if no debug info
raylib.lib(utils.c.obj) : warning LNK4099: PDB '' was not found with 'raylib.lib(utils.c.obj)' or at ''; linking object as if no debug info
raylib.lib(init.c.obj) : warning LNK4099: PDB '' was not found with 'raylib.lib(init.c.obj)' or at ''; linking object as if no debug info
raylib.lib(monitor.c.obj) : warning LNK4099: PDB '' was not found with 'raylib.lib(monitor.c.obj)' or at ''; linking object as if no debug info
raylib.lib(window.c.obj) : warning LNK4099: PDB '' was not found with 'raylib.lib(window.c.obj)' or at ''; linking object as if no debug info
raylib.lib(input.c.obj) : warning LNK4099: PDB '' was not found with 'raylib.lib(input.c.obj)' or at ''; linking object as if no debug info
raylib.lib(context.c.obj) : warning LNK4099: PDB '' was not found with 'raylib.lib(context.c.obj)' or at ''; linking object as if no debug info
raylib.lib(win32_window.c.obj) : warning LNK4099: PDB '' was not found with 'raylib.lib(win32_window.c.obj)' or at ''; linking object as if no debug info
raylib.lib(win32_time.c.obj) : warning LNK4099: PDB '' was not found with 'raylib.lib(win32_time.c.obj)' or at ''; linking object as if no debug info
raylib.lib(win32_thread.c.obj) : warning LNK4099: PDB '' was not found with 'raylib.lib(win32_thread.c.obj)' or at ''; linking object as if no debug info
raylib.lib(platform.c.obj) : warning LNK4099: PDB '' was not found with 'raylib.lib(platform.c.obj)' or at ''; linking object as if no debug info
raylib.lib(vulkan.c.obj) : warning LNK4099: PDB '' was not found with 'raylib.lib(vulkan.c.obj)' or at ''; linking object as if no debug info
raylib.lib(win32_init.c.obj) : warning LNK4099: PDB '' was not found with 'raylib.lib(win32_init.c.obj)' or at ''; linking object as if no debug info
raylib.lib(win32_monitor.c.obj) : warning LNK4099: PDB '' was not found with 'raylib.lib(win32_monitor.c.obj)' or at ''; linking object as if no debug info
raylib.lib(wgl_context.c.obj) : warning LNK4099: PDB '' was not found with 'raylib.lib(wgl_context.c.obj)' or at ''; linking object as if no debug info
raylib.lib(egl_context.c.obj) : warning LNK4099: PDB '' was not found with 'raylib.lib(egl_context.c.obj)' or at ''; linking object as if no debug info
raylib.lib(osmesa_context.c.obj) : warning LNK4099: PDB '' was not found with 'raylib.lib(osmesa_context.c.obj)' or at ''; linking object as if no debug info
raylib.lib(win32_module.c.obj) : warning LNK4099: PDB '' was not found with 'raylib.lib(win32_module.c.obj)' or at ''; linking object as if no debug info
raylib.lib(win32_joystick.c.obj) : warning LNK4099: PDB '' was not found with 'raylib.lib(win32_joystick.c.obj)' or at ''; linking object as if no debug info
  ConsoleApplication1.vcxproj -> D:\Users\ASUS\Desktop\futureminds\FutureMinds\FutureMinds\x64\Debug\FutureMinds.exe
